2022-07-31 14:43:05,573 - __main__ - INFO - Trained model called europarl_NN_700_150_10000.pt at 31-07-2022, 14:43:05
2022-07-31 14:46:04,127 - __main__ - INFO - Trained model called europarl_NN3_700_150_10000.pt at 31-07-2022, 14:46:04
2022-07-31 14:48:37,745 - __main__ - INFO - Trained model called europarl_NN_800_150_10000.pt at 31-07-2022, 14:48:37
2022-07-31 14:51:36,362 - __main__ - INFO - Trained model called europarl_NN3_800_150_10000.pt at 31-07-2022, 14:51:36
2022-07-31 19:48:37,335 - sclip_training - INFO - Trained model called europarl_NN_700_10_2000.pt at 31-07-2022, 19:48:37
2022-07-31 19:50:16,775 - sclip_training - INFO - Trained model called europarl_NN_700_10_2000.pt at 31-07-2022, 19:50:16
2022-07-31 19:50:19,247 - sclip_training - INFO - Trained model called europarl_NN3_700_10_2000.pt at 31-07-2022, 19:50:19
2022-07-31 19:53:28,820 - sclip_training - INFO - Trained model called europarl_NN_700_10_2000.pt at 31-07-2022, 19:53:28
2022-07-31 19:53:31,274 - sclip_training - INFO - Trained model called europarl_NN3_700_10_2000.pt at 31-07-2022, 19:53:31
2022-07-31 19:55:02,287 - sclip_training - INFO - Trained model called europarl_NN_700_10_2000.pt at 31-07-2022, 19:55:02
2022-07-31 19:55:04,726 - sclip_training - INFO - Trained model called europarl_NN3_700_10_2000.pt at 31-07-2022, 19:55:04
2022-07-31 20:12:07,382 - sclip_training - INFO - Trained model called europarl_NN_700_10_2000.pt at 31-07-2022, 20:12:07
2022-07-31 20:12:09,744 - sclip_training - INFO - Trained model called europarl_NN3_700_10_2000.pt at 31-07-2022, 20:12:09
2022-07-31 20:16:24,810 - sclip_training - INFO - Trained model called europarl_NN_700_10_1600.pt at 31-07-2022, 20:16:24
2022-07-31 20:16:26,758 - sclip_training - INFO - Trained model called europarl_NN3_700_10_1600.pt at 31-07-2022, 20:16:26
2022-07-31 20:26:12,700 - sclip_training - INFO - Trained model called europarl_NN_700_10_1600.pt at 31-07-2022, 20:26:12
2022-07-31 20:26:14,591 - sclip_training - INFO - Trained model called europarl_NN3_700_10_1600.pt at 31-07-2022, 20:26:14
2022-07-31 20:29:52,026 - sclip_training - INFO - Trained model called europarl_NN_700_10_1600.pt at 31-07-2022, 20:29:52
2022-07-31 20:29:53,957 - sclip_training - INFO - Trained model called europarl_NN3_700_10_1600.pt at 31-07-2022, 20:29:53
2022-07-31 20:30:09,535 - sclip_training - INFO - Trained model called europarl_NN_700_15_1600.pt at 31-07-2022, 20:30:09
2022-07-31 20:30:12,431 - sclip_training - INFO - Trained model called europarl_NN3_700_15_1600.pt at 31-07-2022, 20:30:12
2022-07-31 20:39:55,973 - sclip_training - INFO - Trained model called europarl_NN_700_5_1024.pt at 31-07-2022, 20:39:55
2022-07-31 20:39:56,585 - sclip_training - INFO - Trained model called europarl_NN3_700_5_1024.pt at 31-07-2022, 20:39:56
2022-07-31 20:40:06,308 - sclip_training - INFO - Trained model called europarl_NN_700_10_1024.pt at 31-07-2022, 20:40:06
2022-07-31 20:40:07,528 - sclip_training - INFO - Trained model called europarl_NN3_700_10_1024.pt at 31-07-2022, 20:40:07
2022-08-02 15:19:01,270 - sclip_training - INFO - Trained model called europarl_NN_700_5_2000.pt at 02-08-2022, 15:19:01
2022-08-02 15:19:02,467 - sclip_training - INFO - Trained model called europarl_NN3_700_5_2000.pt at 02-08-2022, 15:19:02
2022-08-02 15:19:11,504 - sclip_training - INFO - Trained model called europarl_NN_700_10_2000.pt at 02-08-2022, 15:19:11
2022-08-02 15:19:13,926 - sclip_training - INFO - Trained model called europarl_NN3_700_10_2000.pt at 02-08-2022, 15:19:13
2022-08-02 15:19:21,614 - sclip_training - INFO - Trained model called coco_NN_700_5_2014.pt at 02-08-2022, 15:19:21
2022-08-02 15:19:22,811 - sclip_training - INFO - Trained model called coco_NN3_700_5_2014.pt at 02-08-2022, 15:19:22
2022-08-02 15:19:31,408 - sclip_training - INFO - Trained model called coco_NN_700_10_2014.pt at 02-08-2022, 15:19:31
2022-08-02 15:19:33,821 - sclip_training - INFO - Trained model called coco_NN3_700_10_2014.pt at 02-08-2022, 15:19:33
2022-08-02 15:19:51,381 - sclip_training - INFO - Trained model called europarl_NN_700_5_4000.pt at 02-08-2022, 15:19:51
2022-08-02 15:19:53,776 - sclip_training - INFO - Trained model called europarl_NN3_700_5_4000.pt at 02-08-2022, 15:19:53
2022-08-02 15:20:10,573 - sclip_training - INFO - Trained model called europarl_NN_700_10_4000.pt at 02-08-2022, 15:20:10
2022-08-02 15:20:15,387 - sclip_training - INFO - Trained model called europarl_NN3_700_10_4000.pt at 02-08-2022, 15:20:15
2022-08-02 15:20:29,571 - sclip_training - INFO - Trained model called coco_NN_700_5_4020.pt at 02-08-2022, 15:20:29
2022-08-02 15:20:31,995 - sclip_training - INFO - Trained model called coco_NN3_700_5_4020.pt at 02-08-2022, 15:20:31
2022-08-02 15:20:48,252 - sclip_training - INFO - Trained model called coco_NN_700_10_4020.pt at 02-08-2022, 15:20:48
2022-08-02 15:20:53,106 - sclip_training - INFO - Trained model called coco_NN3_700_10_4020.pt at 02-08-2022, 15:20:53
2022-08-02 16:09:46,092 - sclip_training - INFO - Trained model called europarl_NN_700_100_5000.pt at 02-08-2022, 16:09:46
2022-08-02 16:10:45,568 - sclip_training - INFO - Trained model called europarl_NN3_700_100_5000.pt at 02-08-2022, 16:10:45
2022-08-02 16:11:36,808 - sclip_training - INFO - Trained model called europarl_NN_800_100_5000.pt at 02-08-2022, 16:11:36
2022-08-02 16:12:36,568 - sclip_training - INFO - Trained model called europarl_NN3_800_100_5000.pt at 02-08-2022, 16:12:36
2022-08-02 16:13:27,804 - sclip_training - INFO - Trained model called europarl_NN_900_100_5000.pt at 02-08-2022, 16:13:27
2022-08-02 16:14:27,292 - sclip_training - INFO - Trained model called europarl_NN3_900_100_5000.pt at 02-08-2022, 16:14:27
2022-08-02 16:15:18,751 - sclip_training - INFO - Trained model called europarl_NN_1000_100_5000.pt at 02-08-2022, 16:15:18
2022-08-02 16:16:18,562 - sclip_training - INFO - Trained model called europarl_NN3_1000_100_5000.pt at 02-08-2022, 16:16:18
2022-08-02 16:17:53,575 - sclip_training - INFO - Trained model called europarl_NN_700_150_5000.pt at 02-08-2022, 16:17:53
2022-08-02 16:19:23,157 - sclip_training - INFO - Trained model called europarl_NN3_700_150_5000.pt at 02-08-2022, 16:19:23
2022-08-02 16:20:39,752 - sclip_training - INFO - Trained model called europarl_NN_800_150_5000.pt at 02-08-2022, 16:20:39
2022-08-02 16:22:09,409 - sclip_training - INFO - Trained model called europarl_NN3_800_150_5000.pt at 02-08-2022, 16:22:09
2022-08-02 16:23:27,266 - sclip_training - INFO - Trained model called europarl_NN_900_150_5000.pt at 02-08-2022, 16:23:27
2022-08-02 16:24:57,494 - sclip_training - INFO - Trained model called europarl_NN3_900_150_5000.pt at 02-08-2022, 16:24:57
2022-08-02 16:26:14,993 - sclip_training - INFO - Trained model called europarl_NN_1000_150_5000.pt at 02-08-2022, 16:26:14
2022-08-02 16:27:44,548 - sclip_training - INFO - Trained model called europarl_NN3_1000_150_5000.pt at 02-08-2022, 16:27:44
2022-08-02 16:29:46,438 - sclip_training - INFO - Trained model called europarl_NN_700_200_5000.pt at 02-08-2022, 16:29:46
2022-08-02 16:31:46,018 - sclip_training - INFO - Trained model called europarl_NN3_700_200_5000.pt at 02-08-2022, 16:31:46
2022-08-02 16:33:29,524 - sclip_training - INFO - Trained model called europarl_NN_800_200_5000.pt at 02-08-2022, 16:33:29
2022-08-02 16:35:30,387 - sclip_training - INFO - Trained model called europarl_NN3_800_200_5000.pt at 02-08-2022, 16:35:30
2022-08-02 16:37:13,112 - sclip_training - INFO - Trained model called europarl_NN_900_200_5000.pt at 02-08-2022, 16:37:13
2022-08-02 16:39:12,710 - sclip_training - INFO - Trained model called europarl_NN3_900_200_5000.pt at 02-08-2022, 16:39:12
2022-08-02 16:40:55,365 - sclip_training - INFO - Trained model called europarl_NN_1000_200_5000.pt at 02-08-2022, 16:40:55
2022-08-02 16:42:55,692 - sclip_training - INFO - Trained model called europarl_NN3_1000_200_5000.pt at 02-08-2022, 16:42:55
2022-08-02 16:44:03,953 - sclip_training - INFO - Trained model called coco_NN_700_100_5021.pt at 02-08-2022, 16:44:03
2022-08-02 16:45:03,571 - sclip_training - INFO - Trained model called coco_NN3_700_100_5021.pt at 02-08-2022, 16:45:03
2022-08-02 16:45:54,940 - sclip_training - INFO - Trained model called coco_NN_800_100_5021.pt at 02-08-2022, 16:45:54
2022-08-02 16:46:54,545 - sclip_training - INFO - Trained model called coco_NN3_800_100_5021.pt at 02-08-2022, 16:46:54
2022-08-02 16:47:46,187 - sclip_training - INFO - Trained model called coco_NN_900_100_5021.pt at 02-08-2022, 16:47:46
2022-08-02 16:48:45,758 - sclip_training - INFO - Trained model called coco_NN3_900_100_5021.pt at 02-08-2022, 16:48:45
2022-08-02 16:49:36,832 - sclip_training - INFO - Trained model called coco_NN_1000_100_5021.pt at 02-08-2022, 16:49:36
2022-08-02 16:50:37,071 - sclip_training - INFO - Trained model called coco_NN3_1000_100_5021.pt at 02-08-2022, 16:50:37
2022-08-02 16:52:11,516 - sclip_training - INFO - Trained model called coco_NN_700_150_5021.pt at 02-08-2022, 16:52:11
2022-08-02 16:53:42,646 - sclip_training - INFO - Trained model called coco_NN3_700_150_5021.pt at 02-08-2022, 16:53:42
2022-08-02 16:55:00,875 - sclip_training - INFO - Trained model called coco_NN_800_150_5021.pt at 02-08-2022, 16:55:00
2022-08-02 16:56:31,322 - sclip_training - INFO - Trained model called coco_NN3_800_150_5021.pt at 02-08-2022, 16:56:31
2022-08-02 16:57:48,240 - sclip_training - INFO - Trained model called coco_NN_900_150_5021.pt at 02-08-2022, 16:57:48
2022-08-02 16:59:17,987 - sclip_training - INFO - Trained model called coco_NN3_900_150_5021.pt at 02-08-2022, 16:59:17
2022-08-02 17:00:35,966 - sclip_training - INFO - Trained model called coco_NN_1000_150_5021.pt at 02-08-2022, 17:00:35
2022-08-02 17:02:06,381 - sclip_training - INFO - Trained model called coco_NN3_1000_150_5021.pt at 02-08-2022, 17:02:06
2022-08-02 17:04:07,352 - sclip_training - INFO - Trained model called coco_NN_700_200_5021.pt at 02-08-2022, 17:04:07
2022-08-02 17:06:07,426 - sclip_training - INFO - Trained model called coco_NN3_700_200_5021.pt at 02-08-2022, 17:06:07
2022-08-02 17:07:50,686 - sclip_training - INFO - Trained model called coco_NN_800_200_5021.pt at 02-08-2022, 17:07:50
2022-08-02 17:09:50,364 - sclip_training - INFO - Trained model called coco_NN3_800_200_5021.pt at 02-08-2022, 17:09:50
2022-08-02 17:11:34,377 - sclip_training - INFO - Trained model called coco_NN_900_200_5021.pt at 02-08-2022, 17:11:34
2022-08-02 17:13:34,587 - sclip_training - INFO - Trained model called coco_NN3_900_200_5021.pt at 02-08-2022, 17:13:34
2022-08-02 17:15:17,687 - sclip_training - INFO - Trained model called coco_NN_1000_200_5021.pt at 02-08-2022, 17:15:17
2022-08-02 17:17:18,765 - sclip_training - INFO - Trained model called coco_NN3_1000_200_5021.pt at 02-08-2022, 17:17:18
2022-08-02 17:19:38,214 - sclip_training - INFO - Trained model called europarl_NN_700_100_10000.pt at 02-08-2022, 17:19:38
2022-08-02 17:21:38,528 - sclip_training - INFO - Trained model called europarl_NN3_700_100_10000.pt at 02-08-2022, 17:21:38
2022-08-02 17:23:22,815 - sclip_training - INFO - Trained model called europarl_NN_800_100_10000.pt at 02-08-2022, 17:23:22
2022-08-02 17:25:22,325 - sclip_training - INFO - Trained model called europarl_NN3_800_100_10000.pt at 02-08-2022, 17:25:22
2022-08-02 17:27:05,901 - sclip_training - INFO - Trained model called europarl_NN_900_100_10000.pt at 02-08-2022, 17:27:05
2022-08-02 17:29:05,348 - sclip_training - INFO - Trained model called europarl_NN3_900_100_10000.pt at 02-08-2022, 17:29:05
2022-08-02 17:30:49,068 - sclip_training - INFO - Trained model called europarl_NN_1000_100_10000.pt at 02-08-2022, 17:30:49
2022-08-02 17:32:48,967 - sclip_training - INFO - Trained model called europarl_NN3_1000_100_10000.pt at 02-08-2022, 17:32:48
2022-08-02 17:35:55,698 - sclip_training - INFO - Trained model called europarl_NN_700_150_10000.pt at 02-08-2022, 17:35:55
2022-08-02 17:38:56,505 - sclip_training - INFO - Trained model called europarl_NN3_700_150_10000.pt at 02-08-2022, 17:38:56
2022-08-02 17:41:32,255 - sclip_training - INFO - Trained model called europarl_NN_800_150_10000.pt at 02-08-2022, 17:41:32
2022-08-02 17:44:31,852 - sclip_training - INFO - Trained model called europarl_NN3_800_150_10000.pt at 02-08-2022, 17:44:31
2022-08-02 17:47:08,325 - sclip_training - INFO - Trained model called europarl_NN_900_150_10000.pt at 02-08-2022, 17:47:08
2022-08-02 17:50:09,361 - sclip_training - INFO - Trained model called europarl_NN3_900_150_10000.pt at 02-08-2022, 17:50:09
2022-08-02 17:52:45,175 - sclip_training - INFO - Trained model called europarl_NN_1000_150_10000.pt at 02-08-2022, 17:52:45
2022-08-02 17:55:46,394 - sclip_training - INFO - Trained model called europarl_NN3_1000_150_10000.pt at 02-08-2022, 17:55:46
2022-08-02 17:59:48,003 - sclip_training - INFO - Trained model called europarl_NN_700_200_10000.pt at 02-08-2022, 17:59:48
2022-08-02 18:03:51,503 - sclip_training - INFO - Trained model called europarl_NN3_700_200_10000.pt at 02-08-2022, 18:03:51
2022-08-02 18:07:19,929 - sclip_training - INFO - Trained model called europarl_NN_800_200_10000.pt at 02-08-2022, 18:07:19
2022-08-02 18:11:21,786 - sclip_training - INFO - Trained model called europarl_NN3_800_200_10000.pt at 02-08-2022, 18:11:21
2022-08-02 18:14:51,109 - sclip_training - INFO - Trained model called europarl_NN_900_200_10000.pt at 02-08-2022, 18:14:51
2022-08-02 18:18:53,969 - sclip_training - INFO - Trained model called europarl_NN3_900_200_10000.pt at 02-08-2022, 18:18:53
2022-08-02 18:22:22,719 - sclip_training - INFO - Trained model called europarl_NN_1000_200_10000.pt at 02-08-2022, 18:22:22
2022-08-02 18:26:25,637 - sclip_training - INFO - Trained model called europarl_NN3_1000_200_10000.pt at 02-08-2022, 18:26:25
2022-08-02 18:28:40,549 - sclip_training - INFO - Trained model called coco_NN_700_100_10034.pt at 02-08-2022, 18:28:40
2022-08-02 18:30:41,637 - sclip_training - INFO - Trained model called coco_NN3_700_100_10034.pt at 02-08-2022, 18:30:41
2022-08-02 18:32:26,202 - sclip_training - INFO - Trained model called coco_NN_800_100_10034.pt at 02-08-2022, 18:32:26
2022-08-02 18:34:27,368 - sclip_training - INFO - Trained model called coco_NN3_800_100_10034.pt at 02-08-2022, 18:34:27
2022-08-02 18:36:11,094 - sclip_training - INFO - Trained model called coco_NN_900_100_10034.pt at 02-08-2022, 18:36:11
2022-08-02 18:38:11,247 - sclip_training - INFO - Trained model called coco_NN3_900_100_10034.pt at 02-08-2022, 18:38:11
2022-08-02 18:39:55,913 - sclip_training - INFO - Trained model called coco_NN_1000_100_10034.pt at 02-08-2022, 18:39:55
2022-08-02 18:41:57,331 - sclip_training - INFO - Trained model called coco_NN3_1000_100_10034.pt at 02-08-2022, 18:41:57
2022-08-02 18:45:06,133 - sclip_training - INFO - Trained model called coco_NN_700_150_10034.pt at 02-08-2022, 18:45:06
2022-08-02 18:48:08,142 - sclip_training - INFO - Trained model called coco_NN3_700_150_10034.pt at 02-08-2022, 18:48:08
2022-08-02 18:50:44,688 - sclip_training - INFO - Trained model called coco_NN_800_150_10034.pt at 02-08-2022, 18:50:44
2022-08-02 18:53:46,348 - sclip_training - INFO - Trained model called coco_NN3_800_150_10034.pt at 02-08-2022, 18:53:46
2022-08-02 18:56:22,420 - sclip_training - INFO - Trained model called coco_NN_900_150_10034.pt at 02-08-2022, 18:56:22
2022-08-02 18:59:25,101 - sclip_training - INFO - Trained model called coco_NN3_900_150_10034.pt at 02-08-2022, 18:59:25
2022-08-02 19:02:01,279 - sclip_training - INFO - Trained model called coco_NN_1000_150_10034.pt at 02-08-2022, 19:02:01
2022-08-02 19:05:02,226 - sclip_training - INFO - Trained model called coco_NN3_1000_150_10034.pt at 02-08-2022, 19:05:02
2022-08-02 19:09:02,459 - sclip_training - INFO - Trained model called coco_NN_700_200_10034.pt at 02-08-2022, 19:09:02
2022-08-02 19:13:05,607 - sclip_training - INFO - Trained model called coco_NN3_700_200_10034.pt at 02-08-2022, 19:13:05
2022-08-02 19:16:33,979 - sclip_training - INFO - Trained model called coco_NN_800_200_10034.pt at 02-08-2022, 19:16:33
2022-08-02 19:20:35,777 - sclip_training - INFO - Trained model called coco_NN3_800_200_10034.pt at 02-08-2022, 19:20:35
2022-08-02 19:24:03,855 - sclip_training - INFO - Trained model called coco_NN_900_200_10034.pt at 02-08-2022, 19:24:03
2022-08-02 19:28:06,065 - sclip_training - INFO - Trained model called coco_NN3_900_200_10034.pt at 02-08-2022, 19:28:06
2022-08-02 19:31:34,758 - sclip_training - INFO - Trained model called coco_NN_1000_200_10034.pt at 02-08-2022, 19:31:34
2022-08-02 19:35:35,912 - sclip_training - INFO - Trained model called coco_NN3_1000_200_10034.pt at 02-08-2022, 19:35:35
2022-08-02 19:39:01,793 - sclip_training - INFO - Trained model called europarl_NN_700_100_15000.pt at 02-08-2022, 19:39:01
2022-08-02 19:42:03,025 - sclip_training - INFO - Trained model called europarl_NN3_700_100_15000.pt at 02-08-2022, 19:42:03
2022-08-02 19:44:39,485 - sclip_training - INFO - Trained model called europarl_NN_800_100_15000.pt at 02-08-2022, 19:44:39
2022-08-02 19:47:41,133 - sclip_training - INFO - Trained model called europarl_NN3_800_100_15000.pt at 02-08-2022, 19:47:41
2022-08-02 19:50:18,123 - sclip_training - INFO - Trained model called europarl_NN_900_100_15000.pt at 02-08-2022, 19:50:18
2022-08-02 19:53:20,530 - sclip_training - INFO - Trained model called europarl_NN3_900_100_15000.pt at 02-08-2022, 19:53:20
2022-08-02 19:55:56,646 - sclip_training - INFO - Trained model called europarl_NN_1000_100_15000.pt at 02-08-2022, 19:55:56
2022-08-02 19:58:56,750 - sclip_training - INFO - Trained model called europarl_NN3_1000_100_15000.pt at 02-08-2022, 19:58:56
2022-08-02 20:03:37,978 - sclip_training - INFO - Trained model called europarl_NN_700_150_15000.pt at 02-08-2022, 20:03:37
2022-08-02 20:08:11,000 - sclip_training - INFO - Trained model called europarl_NN3_700_150_15000.pt at 02-08-2022, 20:08:10
2022-08-02 20:12:04,136 - sclip_training - INFO - Trained model called europarl_NN_800_150_15000.pt at 02-08-2022, 20:12:04
2022-08-02 20:16:35,418 - sclip_training - INFO - Trained model called europarl_NN3_800_150_15000.pt at 02-08-2022, 20:16:35
2022-08-02 20:20:28,963 - sclip_training - INFO - Trained model called europarl_NN_900_150_15000.pt at 02-08-2022, 20:20:28
2022-08-02 20:25:01,066 - sclip_training - INFO - Trained model called europarl_NN3_900_150_15000.pt at 02-08-2022, 20:25:01
2022-08-02 20:28:54,892 - sclip_training - INFO - Trained model called europarl_NN_1000_150_15000.pt at 02-08-2022, 20:28:54
2022-08-02 20:33:27,578 - sclip_training - INFO - Trained model called europarl_NN3_1000_150_15000.pt at 02-08-2022, 20:33:27
2022-08-02 20:39:27,422 - sclip_training - INFO - Trained model called europarl_NN_700_200_15000.pt at 02-08-2022, 20:39:27
2022-08-02 20:45:29,403 - sclip_training - INFO - Trained model called europarl_NN3_700_200_15000.pt at 02-08-2022, 20:45:29
2022-08-02 20:50:42,109 - sclip_training - INFO - Trained model called europarl_NN_800_200_15000.pt at 02-08-2022, 20:50:42
2022-08-02 20:56:44,465 - sclip_training - INFO - Trained model called europarl_NN3_800_200_15000.pt at 02-08-2022, 20:56:44
2022-08-02 21:01:57,193 - sclip_training - INFO - Trained model called europarl_NN_900_200_15000.pt at 02-08-2022, 21:01:57
2022-08-02 21:07:59,033 - sclip_training - INFO - Trained model called europarl_NN3_900_200_15000.pt at 02-08-2022, 21:07:59
2022-08-02 21:13:09,356 - sclip_training - INFO - Trained model called europarl_NN_1000_200_15000.pt at 02-08-2022, 21:13:09
2022-08-02 21:19:08,829 - sclip_training - INFO - Trained model called europarl_NN3_1000_200_15000.pt at 02-08-2022, 21:19:08
2022-08-02 21:22:29,943 - sclip_training - INFO - Trained model called coco_NN_700_100_15045.pt at 02-08-2022, 21:22:29
2022-08-02 21:25:30,730 - sclip_training - INFO - Trained model called coco_NN3_700_100_15045.pt at 02-08-2022, 21:25:30
2022-08-02 21:28:06,617 - sclip_training - INFO - Trained model called coco_NN_800_100_15045.pt at 02-08-2022, 21:28:06
2022-08-02 21:31:06,913 - sclip_training - INFO - Trained model called coco_NN3_800_100_15045.pt at 02-08-2022, 21:31:06
2022-08-02 21:33:41,485 - sclip_training - INFO - Trained model called coco_NN_900_100_15045.pt at 02-08-2022, 21:33:41
2022-08-02 21:36:42,771 - sclip_training - INFO - Trained model called coco_NN3_900_100_15045.pt at 02-08-2022, 21:36:42
2022-08-02 21:39:17,307 - sclip_training - INFO - Trained model called coco_NN_1000_100_15045.pt at 02-08-2022, 21:39:17
2022-08-02 21:42:18,990 - sclip_training - INFO - Trained model called coco_NN3_1000_100_15045.pt at 02-08-2022, 21:42:18
2022-08-02 21:46:57,164 - sclip_training - INFO - Trained model called coco_NN_700_150_15045.pt at 02-08-2022, 21:46:57
2022-08-02 21:51:28,084 - sclip_training - INFO - Trained model called coco_NN3_700_150_15045.pt at 02-08-2022, 21:51:28
2022-08-02 21:55:21,465 - sclip_training - INFO - Trained model called coco_NN_800_150_15045.pt at 02-08-2022, 21:55:21
2022-08-02 21:59:54,263 - sclip_training - INFO - Trained model called coco_NN3_800_150_15045.pt at 02-08-2022, 21:59:54
2022-08-02 22:03:47,713 - sclip_training - INFO - Trained model called coco_NN_900_150_15045.pt at 02-08-2022, 22:03:47
2022-08-02 22:08:18,358 - sclip_training - INFO - Trained model called coco_NN3_900_150_15045.pt at 02-08-2022, 22:08:18
2022-08-02 22:12:11,702 - sclip_training - INFO - Trained model called coco_NN_1000_150_15045.pt at 02-08-2022, 22:12:11
2022-08-02 22:16:42,517 - sclip_training - INFO - Trained model called coco_NN3_1000_150_15045.pt at 02-08-2022, 22:16:42
2022-08-02 22:22:40,578 - sclip_training - INFO - Trained model called coco_NN_700_200_15045.pt at 02-08-2022, 22:22:40
2022-08-02 22:28:44,102 - sclip_training - INFO - Trained model called coco_NN3_700_200_15045.pt at 02-08-2022, 22:28:44
2022-08-02 22:33:55,789 - sclip_training - INFO - Trained model called coco_NN_800_200_15045.pt at 02-08-2022, 22:33:55
2022-08-02 22:39:59,206 - sclip_training - INFO - Trained model called coco_NN3_800_200_15045.pt at 02-08-2022, 22:39:59
2022-08-02 22:45:12,753 - sclip_training - INFO - Trained model called coco_NN_900_200_15045.pt at 02-08-2022, 22:45:12
2022-08-02 22:51:13,968 - sclip_training - INFO - Trained model called coco_NN3_900_200_15045.pt at 02-08-2022, 22:51:13
2022-08-02 22:56:23,776 - sclip_training - INFO - Trained model called coco_NN_1000_200_15045.pt at 02-08-2022, 22:56:23
2022-08-02 23:02:26,261 - sclip_training - INFO - Trained model called coco_NN3_1000_200_15045.pt at 02-08-2022, 23:02:26
2022-08-02 23:06:58,031 - sclip_training - INFO - Trained model called europarl_NN_700_100_20000.pt at 02-08-2022, 23:06:58
2022-08-02 23:10:58,961 - sclip_training - INFO - Trained model called europarl_NN3_700_100_20000.pt at 02-08-2022, 23:10:58
2022-08-02 23:14:25,097 - sclip_training - INFO - Trained model called europarl_NN_800_100_20000.pt at 02-08-2022, 23:14:25
2022-08-02 23:18:24,944 - sclip_training - INFO - Trained model called europarl_NN3_800_100_20000.pt at 02-08-2022, 23:18:24
2022-08-02 23:21:51,879 - sclip_training - INFO - Trained model called europarl_NN_900_100_20000.pt at 02-08-2022, 23:21:51
2022-08-02 23:25:51,308 - sclip_training - INFO - Trained model called europarl_NN3_900_100_20000.pt at 02-08-2022, 23:25:51
2022-08-02 23:29:17,260 - sclip_training - INFO - Trained model called europarl_NN_1000_100_20000.pt at 02-08-2022, 23:29:17
2022-08-02 23:33:16,735 - sclip_training - INFO - Trained model called europarl_NN3_1000_100_20000.pt at 02-08-2022, 23:33:16
2022-08-02 23:39:30,890 - sclip_training - INFO - Trained model called europarl_NN_700_150_20000.pt at 02-08-2022, 23:39:30
2022-08-02 23:45:33,998 - sclip_training - INFO - Trained model called europarl_NN3_700_150_20000.pt at 02-08-2022, 23:45:33
2022-08-02 23:50:47,299 - sclip_training - INFO - Trained model called europarl_NN_800_150_20000.pt at 02-08-2022, 23:50:47
2022-08-02 23:56:51,438 - sclip_training - INFO - Trained model called europarl_NN3_800_150_20000.pt at 02-08-2022, 23:56:51
2022-08-03 00:02:05,875 - sclip_training - INFO - Trained model called europarl_NN_900_150_20000.pt at 03-08-2022, 00:02:05
2022-08-03 00:08:09,675 - sclip_training - INFO - Trained model called europarl_NN3_900_150_20000.pt at 03-08-2022, 00:08:09
2022-08-03 00:13:21,386 - sclip_training - INFO - Trained model called europarl_NN_1000_150_20000.pt at 03-08-2022, 00:13:21
2022-08-03 00:19:24,988 - sclip_training - INFO - Trained model called europarl_NN3_1000_150_20000.pt at 03-08-2022, 00:19:24
2022-08-03 00:27:22,751 - sclip_training - INFO - Trained model called europarl_NN_700_200_20000.pt at 03-08-2022, 00:27:22
2022-08-03 00:35:28,115 - sclip_training - INFO - Trained model called europarl_NN3_700_200_20000.pt at 03-08-2022, 00:35:28
2022-08-03 00:42:25,307 - sclip_training - INFO - Trained model called europarl_NN_800_200_20000.pt at 03-08-2022, 00:42:25
2022-08-03 00:50:30,208 - sclip_training - INFO - Trained model called europarl_NN3_800_200_20000.pt at 03-08-2022, 00:50:30
2022-08-03 00:57:28,182 - sclip_training - INFO - Trained model called europarl_NN_900_200_20000.pt at 03-08-2022, 00:57:28
2022-08-03 01:05:34,292 - sclip_training - INFO - Trained model called europarl_NN3_900_200_20000.pt at 03-08-2022, 01:05:34
2022-08-03 01:12:30,309 - sclip_training - INFO - Trained model called europarl_NN_1000_200_20000.pt at 03-08-2022, 01:12:30
2022-08-03 01:20:34,367 - sclip_training - INFO - Trained model called europarl_NN3_1000_200_20000.pt at 03-08-2022, 01:20:34
2022-08-03 01:25:03,034 - sclip_training - INFO - Trained model called coco_NN_700_100_20051.pt at 03-08-2022, 01:25:03
2022-08-03 01:29:06,015 - sclip_training - INFO - Trained model called coco_NN3_700_100_20051.pt at 03-08-2022, 01:29:06
2022-08-03 01:32:35,766 - sclip_training - INFO - Trained model called coco_NN_800_100_20051.pt at 03-08-2022, 01:32:35
2022-08-03 01:36:38,755 - sclip_training - INFO - Trained model called coco_NN3_800_100_20051.pt at 03-08-2022, 01:36:38
2022-08-03 01:40:07,467 - sclip_training - INFO - Trained model called coco_NN_900_100_20051.pt at 03-08-2022, 01:40:07
2022-08-03 01:44:09,873 - sclip_training - INFO - Trained model called coco_NN3_900_100_20051.pt at 03-08-2022, 01:44:09
2022-08-03 01:47:38,178 - sclip_training - INFO - Trained model called coco_NN_1000_100_20051.pt at 03-08-2022, 01:47:38
2022-08-03 01:51:41,927 - sclip_training - INFO - Trained model called coco_NN3_1000_100_20051.pt at 03-08-2022, 01:51:41
2022-08-03 01:57:54,598 - sclip_training - INFO - Trained model called coco_NN_700_150_20051.pt at 03-08-2022, 01:57:54
2022-08-03 02:03:59,133 - sclip_training - INFO - Trained model called coco_NN3_700_150_20051.pt at 03-08-2022, 02:03:59
2022-08-03 02:09:13,547 - sclip_training - INFO - Trained model called coco_NN_800_150_20051.pt at 03-08-2022, 02:09:13
2022-08-03 02:15:18,349 - sclip_training - INFO - Trained model called coco_NN3_800_150_20051.pt at 03-08-2022, 02:15:18
2022-08-03 02:20:31,355 - sclip_training - INFO - Trained model called coco_NN_900_150_20051.pt at 03-08-2022, 02:20:31
2022-08-03 02:26:35,270 - sclip_training - INFO - Trained model called coco_NN3_900_150_20051.pt at 03-08-2022, 02:26:35
2022-08-03 02:31:49,375 - sclip_training - INFO - Trained model called coco_NN_1000_150_20051.pt at 03-08-2022, 02:31:49
2022-08-03 02:37:54,347 - sclip_training - INFO - Trained model called coco_NN3_1000_150_20051.pt at 03-08-2022, 02:37:54
2022-08-03 02:45:53,157 - sclip_training - INFO - Trained model called coco_NN_700_200_20051.pt at 03-08-2022, 02:45:53
2022-08-03 02:53:58,008 - sclip_training - INFO - Trained model called coco_NN3_700_200_20051.pt at 03-08-2022, 02:53:58
2022-08-03 03:00:57,052 - sclip_training - INFO - Trained model called coco_NN_800_200_20051.pt at 03-08-2022, 03:00:57
2022-08-03 03:09:03,841 - sclip_training - INFO - Trained model called coco_NN3_800_200_20051.pt at 03-08-2022, 03:09:03
2022-08-03 03:16:03,217 - sclip_training - INFO - Trained model called coco_NN_900_200_20051.pt at 03-08-2022, 03:16:03
2022-08-03 03:24:09,012 - sclip_training - INFO - Trained model called coco_NN3_900_200_20051.pt at 03-08-2022, 03:24:09
2022-08-03 03:31:08,503 - sclip_training - INFO - Trained model called coco_NN_1000_200_20051.pt at 03-08-2022, 03:31:08
2022-08-03 03:39:14,478 - sclip_training - INFO - Trained model called coco_NN3_1000_200_20051.pt at 03-08-2022, 03:39:14
2022-08-03 03:44:55,149 - sclip_training - INFO - Trained model called europarl_NN_700_100_25000.pt at 03-08-2022, 03:44:55
2022-08-03 03:50:00,086 - sclip_training - INFO - Trained model called europarl_NN3_700_100_25000.pt at 03-08-2022, 03:50:00
2022-08-03 03:54:22,009 - sclip_training - INFO - Trained model called europarl_NN_800_100_25000.pt at 03-08-2022, 03:54:22
2022-08-03 03:59:25,421 - sclip_training - INFO - Trained model called europarl_NN3_800_100_25000.pt at 03-08-2022, 03:59:25
2022-08-03 04:03:45,255 - sclip_training - INFO - Trained model called europarl_NN_900_100_25000.pt at 03-08-2022, 04:03:45
2022-08-03 04:08:47,060 - sclip_training - INFO - Trained model called europarl_NN3_900_100_25000.pt at 03-08-2022, 04:08:47
2022-08-03 04:13:07,408 - sclip_training - INFO - Trained model called europarl_NN_1000_100_25000.pt at 03-08-2022, 04:13:07
2022-08-03 04:18:10,306 - sclip_training - INFO - Trained model called europarl_NN3_1000_100_25000.pt at 03-08-2022, 04:18:10
2022-08-03 04:25:58,137 - sclip_training - INFO - Trained model called europarl_NN_700_150_25000.pt at 03-08-2022, 04:25:58
2022-08-03 04:33:35,490 - sclip_training - INFO - Trained model called europarl_NN3_700_150_25000.pt at 03-08-2022, 04:33:35
2022-08-03 04:40:06,871 - sclip_training - INFO - Trained model called europarl_NN_800_150_25000.pt at 03-08-2022, 04:40:06
2022-08-03 04:47:41,294 - sclip_training - INFO - Trained model called europarl_NN3_800_150_25000.pt at 03-08-2022, 04:47:41
2022-08-03 04:54:13,921 - sclip_training - INFO - Trained model called europarl_NN_900_150_25000.pt at 03-08-2022, 04:54:13
2022-08-03 05:01:47,458 - sclip_training - INFO - Trained model called europarl_NN3_900_150_25000.pt at 03-08-2022, 05:01:47
2022-08-03 05:08:18,092 - sclip_training - INFO - Trained model called europarl_NN_1000_150_25000.pt at 03-08-2022, 05:08:18
2022-08-03 05:15:51,977 - sclip_training - INFO - Trained model called europarl_NN3_1000_150_25000.pt at 03-08-2022, 05:15:51
2022-08-03 05:25:47,869 - sclip_training - INFO - Trained model called europarl_NN_700_200_25000.pt at 03-08-2022, 05:25:47
2022-08-03 05:35:51,319 - sclip_training - INFO - Trained model called europarl_NN3_700_200_25000.pt at 03-08-2022, 05:35:51
2022-08-03 05:44:29,986 - sclip_training - INFO - Trained model called europarl_NN_800_200_25000.pt at 03-08-2022, 05:44:29
2022-08-03 05:54:35,088 - sclip_training - INFO - Trained model called europarl_NN3_800_200_25000.pt at 03-08-2022, 05:54:35
2022-08-03 06:03:14,104 - sclip_training - INFO - Trained model called europarl_NN_900_200_25000.pt at 03-08-2022, 06:03:14
2022-08-03 06:13:16,541 - sclip_training - INFO - Trained model called europarl_NN3_900_200_25000.pt at 03-08-2022, 06:13:16
2022-08-03 06:21:54,967 - sclip_training - INFO - Trained model called europarl_NN_1000_200_25000.pt at 03-08-2022, 06:21:54
2022-08-03 06:31:57,722 - sclip_training - INFO - Trained model called europarl_NN3_1000_200_25000.pt at 03-08-2022, 06:31:57
2022-08-03 06:37:30,320 - sclip_training - INFO - Trained model called coco_NN_700_100_25099.pt at 03-08-2022, 06:37:30
2022-08-03 06:42:34,758 - sclip_training - INFO - Trained model called coco_NN3_700_100_25099.pt at 03-08-2022, 06:42:34
2022-08-03 06:46:56,746 - sclip_training - INFO - Trained model called coco_NN_800_100_25099.pt at 03-08-2022, 06:46:56
2022-08-03 06:51:58,967 - sclip_training - INFO - Trained model called coco_NN3_800_100_25099.pt at 03-08-2022, 06:51:58
2022-08-03 06:56:20,251 - sclip_training - INFO - Trained model called coco_NN_900_100_25099.pt at 03-08-2022, 06:56:20
2022-08-03 07:01:23,238 - sclip_training - INFO - Trained model called coco_NN3_900_100_25099.pt at 03-08-2022, 07:01:23
2022-08-03 07:05:44,715 - sclip_training - INFO - Trained model called coco_NN_1000_100_25099.pt at 03-08-2022, 07:05:44
2022-08-03 07:10:47,102 - sclip_training - INFO - Trained model called coco_NN3_1000_100_25099.pt at 03-08-2022, 07:10:47
2022-08-03 07:18:30,802 - sclip_training - INFO - Trained model called coco_NN_700_150_25099.pt at 03-08-2022, 07:18:30
2022-08-03 07:26:05,134 - sclip_training - INFO - Trained model called coco_NN3_700_150_25099.pt at 03-08-2022, 07:26:05
2022-08-03 07:32:36,046 - sclip_training - INFO - Trained model called coco_NN_800_150_25099.pt at 03-08-2022, 07:32:36
2022-08-03 07:40:10,315 - sclip_training - INFO - Trained model called coco_NN3_800_150_25099.pt at 03-08-2022, 07:40:10
2022-08-03 07:46:40,611 - sclip_training - INFO - Trained model called coco_NN_900_150_25099.pt at 03-08-2022, 07:46:40
2022-08-03 07:54:15,720 - sclip_training - INFO - Trained model called coco_NN3_900_150_25099.pt at 03-08-2022, 07:54:15
2022-08-03 08:00:47,275 - sclip_training - INFO - Trained model called coco_NN_1000_150_25099.pt at 03-08-2022, 08:00:47
2022-08-03 08:08:19,574 - sclip_training - INFO - Trained model called coco_NN3_1000_150_25099.pt at 03-08-2022, 08:08:19
2022-08-03 08:18:14,168 - sclip_training - INFO - Trained model called coco_NN_700_200_25099.pt at 03-08-2022, 08:18:14
2022-08-03 08:28:21,737 - sclip_training - INFO - Trained model called coco_NN3_700_200_25099.pt at 03-08-2022, 08:28:21
2022-08-03 08:37:05,016 - sclip_training - INFO - Trained model called coco_NN_800_200_25099.pt at 03-08-2022, 08:37:05
2022-08-03 08:47:12,070 - sclip_training - INFO - Trained model called coco_NN3_800_200_25099.pt at 03-08-2022, 08:47:12
2022-08-03 08:55:54,318 - sclip_training - INFO - Trained model called coco_NN_900_200_25099.pt at 03-08-2022, 08:55:54
2022-08-03 09:05:59,040 - sclip_training - INFO - Trained model called coco_NN3_900_200_25099.pt at 03-08-2022, 09:05:59
2022-08-03 09:14:41,671 - sclip_training - INFO - Trained model called coco_NN_1000_200_25099.pt at 03-08-2022, 09:14:41
2022-08-03 09:24:50,782 - sclip_training - INFO - Trained model called coco_NN3_1000_200_25099.pt at 03-08-2022, 09:24:50
2022-08-03 09:31:38,937 - sclip_training - INFO - Trained model called europarl_NN_700_100_30000.pt at 03-08-2022, 09:31:38
2022-08-03 09:37:42,485 - sclip_training - INFO - Trained model called europarl_NN3_700_100_30000.pt at 03-08-2022, 09:37:42
2022-08-03 09:42:56,922 - sclip_training - INFO - Trained model called europarl_NN_800_100_30000.pt at 03-08-2022, 09:42:56
2022-08-03 09:48:59,993 - sclip_training - INFO - Trained model called europarl_NN3_800_100_30000.pt at 03-08-2022, 09:48:59
2022-08-03 09:54:12,846 - sclip_training - INFO - Trained model called europarl_NN_900_100_30000.pt at 03-08-2022, 09:54:12
2022-08-03 10:00:16,504 - sclip_training - INFO - Trained model called europarl_NN3_900_100_30000.pt at 03-08-2022, 10:00:16
2022-08-03 10:05:29,159 - sclip_training - INFO - Trained model called europarl_NN_1000_100_30000.pt at 03-08-2022, 10:05:29
2022-08-03 10:11:31,870 - sclip_training - INFO - Trained model called europarl_NN3_1000_100_30000.pt at 03-08-2022, 10:11:31
2022-08-03 10:20:49,515 - sclip_training - INFO - Trained model called europarl_NN_700_150_30000.pt at 03-08-2022, 10:20:49
2022-08-03 10:29:53,482 - sclip_training - INFO - Trained model called europarl_NN3_700_150_30000.pt at 03-08-2022, 10:29:53
2022-08-03 10:37:41,076 - sclip_training - INFO - Trained model called europarl_NN_800_150_30000.pt at 03-08-2022, 10:37:41
2022-08-03 10:46:46,785 - sclip_training - INFO - Trained model called europarl_NN3_800_150_30000.pt at 03-08-2022, 10:46:46
2022-08-03 10:54:36,262 - sclip_training - INFO - Trained model called europarl_NN_900_150_30000.pt at 03-08-2022, 10:54:36
2022-08-03 11:03:41,966 - sclip_training - INFO - Trained model called europarl_NN3_900_150_30000.pt at 03-08-2022, 11:03:41
2022-08-03 11:11:29,863 - sclip_training - INFO - Trained model called europarl_NN_1000_150_30000.pt at 03-08-2022, 11:11:29
2022-08-03 11:20:34,066 - sclip_training - INFO - Trained model called europarl_NN3_1000_150_30000.pt at 03-08-2022, 11:20:34
2022-08-03 11:32:30,309 - sclip_training - INFO - Trained model called europarl_NN_700_200_30000.pt at 03-08-2022, 11:32:30
2022-08-03 11:44:36,882 - sclip_training - INFO - Trained model called europarl_NN3_700_200_30000.pt at 03-08-2022, 11:44:36
2022-08-03 11:55:01,042 - sclip_training - INFO - Trained model called europarl_NN_800_200_30000.pt at 03-08-2022, 11:55:01
2022-08-03 12:07:02,914 - sclip_training - INFO - Trained model called europarl_NN3_800_200_30000.pt at 03-08-2022, 12:07:02
2022-08-03 12:17:26,328 - sclip_training - INFO - Trained model called europarl_NN_900_200_30000.pt at 03-08-2022, 12:17:26
2022-08-03 12:29:32,007 - sclip_training - INFO - Trained model called europarl_NN3_900_200_30000.pt at 03-08-2022, 12:29:32
2022-08-03 12:39:56,523 - sclip_training - INFO - Trained model called europarl_NN_1000_200_30000.pt at 03-08-2022, 12:39:56
2022-08-03 12:52:04,631 - sclip_training - INFO - Trained model called europarl_NN3_1000_200_30000.pt at 03-08-2022, 12:52:04
2022-08-03 12:58:44,550 - sclip_training - INFO - Trained model called coco_NN_700_100_30117.pt at 03-08-2022, 12:58:44
2022-08-03 13:04:50,750 - sclip_training - INFO - Trained model called coco_NN3_700_100_30117.pt at 03-08-2022, 13:04:50
2022-08-03 13:10:05,888 - sclip_training - INFO - Trained model called coco_NN_800_100_30117.pt at 03-08-2022, 13:10:05
2022-08-03 13:16:11,588 - sclip_training - INFO - Trained model called coco_NN3_800_100_30117.pt at 03-08-2022, 13:16:11
2022-08-03 13:21:26,430 - sclip_training - INFO - Trained model called coco_NN_900_100_30117.pt at 03-08-2022, 13:21:26
2022-08-03 13:27:29,606 - sclip_training - INFO - Trained model called coco_NN3_900_100_30117.pt at 03-08-2022, 13:27:29
2022-08-03 13:32:43,494 - sclip_training - INFO - Trained model called coco_NN_1000_100_30117.pt at 03-08-2022, 13:32:43
2022-08-03 13:38:49,059 - sclip_training - INFO - Trained model called coco_NN3_1000_100_30117.pt at 03-08-2022, 13:38:49
2022-08-03 13:48:09,233 - sclip_training - INFO - Trained model called coco_NN_700_150_30117.pt at 03-08-2022, 13:48:09
2022-08-03 13:57:18,815 - sclip_training - INFO - Trained model called coco_NN3_700_150_30117.pt at 03-08-2022, 13:57:18
2022-08-03 14:05:10,397 - sclip_training - INFO - Trained model called coco_NN_800_150_30117.pt at 03-08-2022, 14:05:10
2022-08-03 14:14:19,715 - sclip_training - INFO - Trained model called coco_NN3_800_150_30117.pt at 03-08-2022, 14:14:19
2022-08-03 14:22:11,496 - sclip_training - INFO - Trained model called coco_NN_900_150_30117.pt at 03-08-2022, 14:22:11
2022-08-03 14:31:18,118 - sclip_training - INFO - Trained model called coco_NN3_900_150_30117.pt at 03-08-2022, 14:31:18
2022-08-03 14:39:07,396 - sclip_training - INFO - Trained model called coco_NN_1000_150_30117.pt at 03-08-2022, 14:39:07
2022-08-03 14:48:15,786 - sclip_training - INFO - Trained model called coco_NN3_1000_150_30117.pt at 03-08-2022, 14:48:15
2022-08-03 15:00:13,304 - sclip_training - INFO - Trained model called coco_NN_700_200_30117.pt at 03-08-2022, 15:00:13
2022-08-03 15:12:24,461 - sclip_training - INFO - Trained model called coco_NN3_700_200_30117.pt at 03-08-2022, 15:12:24
2022-08-03 15:22:53,036 - sclip_training - INFO - Trained model called coco_NN_800_200_30117.pt at 03-08-2022, 15:22:53
2022-08-03 15:35:05,186 - sclip_training - INFO - Trained model called coco_NN3_800_200_30117.pt at 03-08-2022, 15:35:05
2022-08-03 15:45:33,006 - sclip_training - INFO - Trained model called coco_NN_900_200_30117.pt at 03-08-2022, 15:45:33
2022-08-03 15:57:42,031 - sclip_training - INFO - Trained model called coco_NN3_900_200_30117.pt at 03-08-2022, 15:57:42
2022-08-03 16:08:07,915 - sclip_training - INFO - Trained model called coco_NN_1000_200_30117.pt at 03-08-2022, 16:08:07
2022-08-03 16:20:12,019 - sclip_training - INFO - Trained model called coco_NN3_1000_200_30117.pt at 03-08-2022, 16:20:12
2022-08-03 16:28:04,358 - sclip_training - INFO - Trained model called europarl_NN_700_100_35000.pt at 03-08-2022, 16:28:04
2022-08-03 16:35:04,632 - sclip_training - INFO - Trained model called europarl_NN3_700_100_35000.pt at 03-08-2022, 16:35:04
2022-08-03 16:41:07,859 - sclip_training - INFO - Trained model called europarl_NN_800_100_35000.pt at 03-08-2022, 16:41:07
2022-08-03 16:48:09,423 - sclip_training - INFO - Trained model called europarl_NN3_800_100_35000.pt at 03-08-2022, 16:48:09
2022-08-03 16:54:13,215 - sclip_training - INFO - Trained model called europarl_NN_900_100_35000.pt at 03-08-2022, 16:54:13
2022-08-03 17:01:16,733 - sclip_training - INFO - Trained model called europarl_NN3_900_100_35000.pt at 03-08-2022, 17:01:16
2022-08-03 17:07:19,524 - sclip_training - INFO - Trained model called europarl_NN_1000_100_35000.pt at 03-08-2022, 17:07:19
2022-08-03 17:14:21,364 - sclip_training - INFO - Trained model called europarl_NN3_1000_100_35000.pt at 03-08-2022, 17:14:21
2022-08-03 17:25:14,189 - sclip_training - INFO - Trained model called europarl_NN_700_150_35000.pt at 03-08-2022, 17:25:14
2022-08-03 17:35:47,357 - sclip_training - INFO - Trained model called europarl_NN3_700_150_35000.pt at 03-08-2022, 17:35:47
2022-08-03 17:44:53,142 - sclip_training - INFO - Trained model called europarl_NN_800_150_35000.pt at 03-08-2022, 17:44:53
2022-08-03 17:55:27,591 - sclip_training - INFO - Trained model called europarl_NN3_800_150_35000.pt at 03-08-2022, 17:55:27
2022-08-03 18:04:31,796 - sclip_training - INFO - Trained model called europarl_NN_900_150_35000.pt at 03-08-2022, 18:04:31
2022-08-03 18:15:03,021 - sclip_training - INFO - Trained model called europarl_NN3_900_150_35000.pt at 03-08-2022, 18:15:03
2022-08-03 18:24:08,763 - sclip_training - INFO - Trained model called europarl_NN_1000_150_35000.pt at 03-08-2022, 18:24:08
2022-08-03 18:34:37,951 - sclip_training - INFO - Trained model called europarl_NN3_1000_150_35000.pt at 03-08-2022, 18:34:37
2022-08-03 18:48:28,900 - sclip_training - INFO - Trained model called europarl_NN_700_200_35000.pt at 03-08-2022, 18:48:28
2022-08-03 19:02:36,581 - sclip_training - INFO - Trained model called europarl_NN3_700_200_35000.pt at 03-08-2022, 19:02:36
2022-08-03 19:14:43,833 - sclip_training - INFO - Trained model called europarl_NN_800_200_35000.pt at 03-08-2022, 19:14:43
2022-08-03 19:28:50,217 - sclip_training - INFO - Trained model called europarl_NN3_800_200_35000.pt at 03-08-2022, 19:28:50
2022-08-03 19:40:56,631 - sclip_training - INFO - Trained model called europarl_NN_900_200_35000.pt at 03-08-2022, 19:40:56
2022-08-03 19:55:00,497 - sclip_training - INFO - Trained model called europarl_NN3_900_200_35000.pt at 03-08-2022, 19:55:00
2022-08-03 20:07:05,933 - sclip_training - INFO - Trained model called europarl_NN_1000_200_35000.pt at 03-08-2022, 20:07:05
2022-08-03 20:21:11,018 - sclip_training - INFO - Trained model called europarl_NN3_1000_200_35000.pt at 03-08-2022, 20:21:11
2022-08-03 20:28:56,976 - sclip_training - INFO - Trained model called coco_NN_700_100_35138.pt at 03-08-2022, 20:28:56
2022-08-03 20:36:01,745 - sclip_training - INFO - Trained model called coco_NN3_700_100_35138.pt at 03-08-2022, 20:36:01
2022-08-03 20:42:08,388 - sclip_training - INFO - Trained model called coco_NN_800_100_35138.pt at 03-08-2022, 20:42:08
2022-08-03 20:49:11,357 - sclip_training - INFO - Trained model called coco_NN3_800_100_35138.pt at 03-08-2022, 20:49:11
2022-08-03 20:55:16,144 - sclip_training - INFO - Trained model called coco_NN_900_100_35138.pt at 03-08-2022, 20:55:16
2022-08-03 21:02:21,410 - sclip_training - INFO - Trained model called coco_NN3_900_100_35138.pt at 03-08-2022, 21:02:21
2022-08-03 21:08:33,049 - sclip_training - INFO - Trained model called coco_NN_1000_100_35138.pt at 03-08-2022, 21:08:33
2022-08-05 17:49:34,235 - sclip_training - INFO - Trained model called europarl_NN_850_e200_s10000.pt at 05-08-2022, 17:49:34
2022-08-05 17:53:35,249 - sclip_training - INFO - Trained model called europarl_NN3_850_e200_s10000.pt at 05-08-2022, 17:53:35
2022-08-05 17:57:03,064 - sclip_training - INFO - Trained model called europarl_NN_900_e200_s10000.pt at 05-08-2022, 17:57:03
2022-08-05 18:01:05,145 - sclip_training - INFO - Trained model called europarl_NN3_900_e200_s10000.pt at 05-08-2022, 18:01:05
2022-08-05 18:04:32,354 - sclip_training - INFO - Trained model called europarl_NN_950_e200_s10000.pt at 05-08-2022, 18:04:32
2022-08-05 18:08:33,863 - sclip_training - INFO - Trained model called europarl_NN3_950_e200_s10000.pt at 05-08-2022, 18:08:33
2022-08-05 18:16:34,416 - sclip_training - INFO - Trained model called europarl_NN_850_e200_s20000.pt at 05-08-2022, 18:16:34
2022-08-05 18:27:58,769 - sclip_training - INFO - Trained model called europarl_NN_850_e100_s5000.pt at 05-08-2022, 18:27:58
2022-08-05 18:28:59,090 - sclip_training - INFO - Trained model called europarl_NN3_850_e100_s5000.pt at 05-08-2022, 18:28:59
2022-08-05 18:29:50,297 - sclip_training - INFO - Trained model called europarl_NN_900_e100_s5000.pt at 05-08-2022, 18:29:50
2022-08-05 18:30:50,643 - sclip_training - INFO - Trained model called europarl_NN3_900_e100_s5000.pt at 05-08-2022, 18:30:50
2022-08-05 18:31:42,515 - sclip_training - INFO - Trained model called europarl_NN_950_e100_s5000.pt at 05-08-2022, 18:31:42
2022-08-05 18:32:43,107 - sclip_training - INFO - Trained model called europarl_NN3_950_e100_s5000.pt at 05-08-2022, 18:32:43
2022-08-05 18:34:58,731 - sclip_training - INFO - Trained model called europarl_NN_850_e100_s10000.pt at 05-08-2022, 18:34:58
2022-08-05 18:36:58,225 - sclip_training - INFO - Trained model called europarl_NN3_850_e100_s10000.pt at 05-08-2022, 18:36:58
2022-08-05 18:38:40,852 - sclip_training - INFO - Trained model called europarl_NN_900_e100_s10000.pt at 05-08-2022, 18:38:40
2022-08-05 18:40:39,768 - sclip_training - INFO - Trained model called europarl_NN3_900_e100_s10000.pt at 05-08-2022, 18:40:39
2022-08-05 18:42:23,819 - sclip_training - INFO - Trained model called europarl_NN_950_e100_s10000.pt at 05-08-2022, 18:42:23
2022-08-05 18:44:23,802 - sclip_training - INFO - Trained model called europarl_NN3_950_e100_s10000.pt at 05-08-2022, 18:44:23
2022-08-05 18:47:47,994 - sclip_training - INFO - Trained model called europarl_NN_850_e100_s15000.pt at 05-08-2022, 18:47:47
2022-08-05 18:50:47,136 - sclip_training - INFO - Trained model called europarl_NN3_850_e100_s15000.pt at 05-08-2022, 18:50:47
2022-08-05 18:53:22,392 - sclip_training - INFO - Trained model called europarl_NN_900_e100_s15000.pt at 05-08-2022, 18:53:22
2022-08-05 18:56:22,876 - sclip_training - INFO - Trained model called europarl_NN3_900_e100_s15000.pt at 05-08-2022, 18:56:22
2022-08-05 18:58:58,163 - sclip_training - INFO - Trained model called europarl_NN_950_e100_s15000.pt at 05-08-2022, 18:58:58
2022-08-05 19:01:59,517 - sclip_training - INFO - Trained model called europarl_NN3_950_e100_s15000.pt at 05-08-2022, 19:01:59
2022-08-05 19:06:30,234 - sclip_training - INFO - Trained model called europarl_NN_850_e100_s20000.pt at 05-08-2022, 19:06:30
2022-08-05 19:10:32,256 - sclip_training - INFO - Trained model called europarl_NN3_850_e100_s20000.pt at 05-08-2022, 19:10:32
2022-08-05 19:14:00,962 - sclip_training - INFO - Trained model called europarl_NN_900_e100_s20000.pt at 05-08-2022, 19:14:00
2022-08-05 19:18:02,244 - sclip_training - INFO - Trained model called europarl_NN3_900_e100_s20000.pt at 05-08-2022, 19:18:02
2022-08-05 19:21:31,094 - sclip_training - INFO - Trained model called europarl_NN_950_e100_s20000.pt at 05-08-2022, 19:21:31
2022-08-05 19:25:32,803 - sclip_training - INFO - Trained model called europarl_NN3_950_e100_s20000.pt at 05-08-2022, 19:25:32
2022-08-05 22:41:31,613 - sclip_training - INFO - Trained model called europarl_NN_900_e250_s5000.pt at 05-08-2022, 22:41:31
2022-08-05 22:58:14,259 - sclip_training - INFO - Trained model called europarl_NN_900_e250_s5000.pt at 05-08-2022, 22:58:14
2022-08-05 23:02:07,983 - sclip_training - INFO - Trained model called europarl_NN_900_e250_s5000.pt at 05-08-2022, 23:02:07
2022-08-05 23:06:54,300 - sclip_training - INFO - Trained model called europarl_NN_900_e250_s10000.pt at 05-08-2022, 23:06:54
2022-08-06 10:53:49,369 - sclip_training - INFO - Trained model called europarl_NN_900_e250_s5000.pt at 06-08-2022, 10:53:49
2022-08-06 12:54:54,128 - sclip_training - INFO - Trained model called europarl_NN_900_e250_s2000.pt at 06-08-2022, 12:54:54
2022-08-06 13:51:31,772 - sclip_training - INFO - Trained model called europarl_NN_900_e250_s2000.pt at 06-08-2022, 13:51:31
2022-08-06 13:55:43,811 - sclip_training - INFO - Trained model called europarl_NN_900_e250_s4000.pt at 06-08-2022, 13:55:43
2022-08-06 14:28:11,279 - sclip_training - INFO - Trained model called europarl_NN_900_e250_s50000.pt at 06-08-2022, 14:28:11
2022-08-08 16:59:51,669 - sclip_training - INFO - Trained model called europarl_NN_900_e250_s10000.pt at 08-08-2022, 16:59:51
2022-08-08 17:13:19,113 - sclip_training - INFO - Trained model called europarl_NN_900_e250_s20000.pt at 08-08-2022, 17:13:19
2022-08-08 17:32:13,976 - sclip_training - INFO - Trained model called europarl_NN_900_e250_s30000.pt at 08-08-2022, 17:32:13
2022-08-08 17:57:16,120 - sclip_training - INFO - Trained model called europarl_NN_900_e250_s40000.pt at 08-08-2022, 17:57:16
2022-08-08 18:35:49,951 - sclip_training - INFO - Trained model called europarl_NN_900_e250_s60000.pt at 08-08-2022, 18:35:49
2022-08-08 19:40:55,090 - sclip_training - INFO - Trained model called europarl_NN_900_e250_s70000.pt at 08-08-2022, 19:40:55
2022-08-08 20:29:02,188 - sclip_training - INFO - Trained model called europarl_NN_900_e250_s80000.pt at 08-08-2022, 20:29:02
2022-08-08 21:17:41,815 - sclip_training - INFO - Trained model called europarl_NN_900_e250_s90000.pt at 08-08-2022, 21:17:41
